Analysis & Synthesis report for SPI_hello
Wed Feb 10 23:25:24 2021
Quartus II 64-Bit Version 13.0.1 Build 232 06/12/2013 Service Pack 1 SJ Web Edition


---------------------
; Table of Contents ;
---------------------
  1. Legal Notice
  2. Analysis & Synthesis Summary
  3. Analysis & Synthesis Settings
  4. Parallel Compilation
  5. Analysis & Synthesis Source Files Read
  6. Analysis & Synthesis Resource Usage Summary
  7. Analysis & Synthesis Resource Utilization by Entity
  8. User-Specified and Inferred Latches
  9. Registers Removed During Synthesis
 10. General Register Statistics
 11. Inverted Register Statistics
 12. Parameter Settings for User Entity Instance: Top-level Entity: |SPI_hello
 13. Elapsed Time Per Partition
 14. Analysis & Synthesis Messages



----------------
; Legal Notice ;
----------------
Copyright (C) 1991-2013 Altera Corporation
Your use of Altera Corporation's design tools, logic functions 
and other software and tools, and its AMPP partner logic 
functions, and any output files from any of the foregoing 
(including device programming or simulation files), and any 
associated documentation or information are expressly subject 
to the terms and conditions of the Altera Program License 
Subscription Agreement, Altera MegaCore Function License 
Agreement, or other applicable license agreement, including, 
without limitation, that your use is for the sole purpose of 
programming logic devices manufactured by Altera and sold by 
Altera or its authorized distributors.  Please refer to the 
applicable agreement for further details.



+--------------------------------------------------------------------------------------+
; Analysis & Synthesis Summary                                                         ;
+------------------------------------+-------------------------------------------------+
; Analysis & Synthesis Status        ; Successful - Wed Feb 10 23:25:24 2021           ;
; Quartus II 64-Bit Version          ; 13.0.1 Build 232 06/12/2013 SP 1 SJ Web Edition ;
; Revision Name                      ; SPI_hello                                       ;
; Top-level Entity Name              ; SPI_hello                                       ;
; Family                             ; Cyclone II                                      ;
; Total logic elements               ; 104                                             ;
;     Total combinational functions  ; 88                                              ;
;     Dedicated logic registers      ; 39                                              ;
; Total registers                    ; 39                                              ;
; Total pins                         ; 39                                              ;
; Total virtual pins                 ; 0                                               ;
; Total memory bits                  ; 0                                               ;
; Embedded Multiplier 9-bit elements ; 0                                               ;
; Total PLLs                         ; 0                                               ;
+------------------------------------+-------------------------------------------------+


+----------------------------------------------------------------------------------------------------------------------+
; Analysis & Synthesis Settings                                                                                        ;
+----------------------------------------------------------------------------+--------------------+--------------------+
; Option                                                                     ; Setting            ; Default Value      ;
+----------------------------------------------------------------------------+--------------------+--------------------+
; Device                                                                     ; EP2C5T144C8        ;                    ;
; Top-level entity name                                                      ; SPI_hello          ; SPI_hello          ;
; Family name                                                                ; Cyclone II         ; Cyclone IV GX      ;
; Use smart compilation                                                      ; Off                ; Off                ;
; Enable parallel Assembler and TimeQuest Timing Analyzer during compilation ; On                 ; On                 ;
; Enable compact report table                                                ; Off                ; Off                ;
; Restructure Multiplexers                                                   ; Auto               ; Auto               ;
; Create Debugging Nodes for IP Cores                                        ; Off                ; Off                ;
; Preserve fewer node names                                                  ; On                 ; On                 ;
; Disable OpenCore Plus hardware evaluation                                  ; Off                ; Off                ;
; Verilog Version                                                            ; Verilog_2001       ; Verilog_2001       ;
; VHDL Version                                                               ; VHDL_1993          ; VHDL_1993          ;
; State Machine Processing                                                   ; Auto               ; Auto               ;
; Safe State Machine                                                         ; Off                ; Off                ;
; Extract Verilog State Machines                                             ; On                 ; On                 ;
; Extract VHDL State Machines                                                ; On                 ; On                 ;
; Ignore Verilog initial constructs                                          ; Off                ; Off                ;
; Iteration limit for constant Verilog loops                                 ; 5000               ; 5000               ;
; Iteration limit for non-constant Verilog loops                             ; 250                ; 250                ;
; Add Pass-Through Logic to Inferred RAMs                                    ; On                 ; On                 ;
; Infer RAMs from Raw Logic                                                  ; On                 ; On                 ;
; Parallel Synthesis                                                         ; On                 ; On                 ;
; DSP Block Balancing                                                        ; Auto               ; Auto               ;
; NOT Gate Push-Back                                                         ; On                 ; On                 ;
; Power-Up Don't Care                                                        ; On                 ; On                 ;
; Remove Redundant Logic Cells                                               ; Off                ; Off                ;
; Remove Duplicate Registers                                                 ; On                 ; On                 ;
; Ignore CARRY Buffers                                                       ; Off                ; Off                ;
; Ignore CASCADE Buffers                                                     ; Off                ; Off                ;
; Ignore GLOBAL Buffers                                                      ; Off                ; Off                ;
; Ignore ROW GLOBAL Buffers                                                  ; Off                ; Off                ;
; Ignore LCELL Buffers                                                       ; Off                ; Off                ;
; Ignore SOFT Buffers                                                        ; On                 ; On                 ;
; Limit AHDL Integers to 32 Bits                                             ; Off                ; Off                ;
; Optimization Technique                                                     ; Balanced           ; Balanced           ;
; Carry Chain Length                                                         ; 70                 ; 70                 ;
; Auto Carry Chains                                                          ; On                 ; On                 ;
; Auto Open-Drain Pins                                                       ; On                 ; On                 ;
; Perform WYSIWYG Primitive Resynthesis                                      ; Off                ; Off                ;
; Auto ROM Replacement                                                       ; On                 ; On                 ;
; Auto RAM Replacement                                                       ; On                 ; On                 ;
; Auto Shift Register Replacement                                            ; Auto               ; Auto               ;
; Allow Shift Register Merging across Hierarchies                            ; Auto               ; Auto               ;
; Auto Clock Enable Replacement                                              ; On                 ; On                 ;
; Strict RAM Replacement                                                     ; Off                ; Off                ;
; Allow Synchronous Control Signals                                          ; On                 ; On                 ;
; Force Use of Synchronous Clear Signals                                     ; Off                ; Off                ;
; Auto RAM to Logic Cell Conversion                                          ; Off                ; Off                ;
; Auto Resource Sharing                                                      ; Off                ; Off                ;
; Allow Any RAM Size For Recognition                                         ; Off                ; Off                ;
; Allow Any ROM Size For Recognition                                         ; Off                ; Off                ;
; Allow Any Shift Register Size For Recognition                              ; Off                ; Off                ;
; Use LogicLock Constraints during Resource Balancing                        ; On                 ; On                 ;
; Ignore translate_off and synthesis_off directives                          ; Off                ; Off                ;
; Timing-Driven Synthesis                                                    ; Off                ; Off                ;
; Report Parameter Settings                                                  ; On                 ; On                 ;
; Report Source Assignments                                                  ; On                 ; On                 ;
; Report Connectivity Checks                                                 ; On                 ; On                 ;
; Ignore Maximum Fan-Out Assignments                                         ; Off                ; Off                ;
; Synchronization Register Chain Length                                      ; 2                  ; 2                  ;
; PowerPlay Power Optimization                                               ; Normal compilation ; Normal compilation ;
; HDL message level                                                          ; Level2             ; Level2             ;
; Suppress Register Optimization Related Messages                            ; Off                ; Off                ;
; Number of Removed Registers Reported in Synthesis Report                   ; 5000               ; 5000               ;
; Number of Swept Nodes Reported in Synthesis Report                         ; 5000               ; 5000               ;
; Number of Inverted Registers Reported in Synthesis Report                  ; 100                ; 100                ;
; Clock MUX Protection                                                       ; On                 ; On                 ;
; Auto Gated Clock Conversion                                                ; Off                ; Off                ;
; Block Design Naming                                                        ; Auto               ; Auto               ;
; SDC constraint protection                                                  ; Off                ; Off                ;
; Synthesis Effort                                                           ; Auto               ; Auto               ;
; Shift Register Replacement - Allow Asynchronous Clear Signal               ; On                 ; On                 ;
; Pre-Mapping Resynthesis Optimization                                       ; Off                ; Off                ;
; Analysis & Synthesis Message Level                                         ; Medium             ; Medium             ;
; Disable Register Merging Across Hierarchies                                ; Auto               ; Auto               ;
; Resource Aware Inference For Block RAM                                     ; On                 ; On                 ;
; Synthesis Seed                                                             ; 1                  ; 1                  ;
+----------------------------------------------------------------------------+--------------------+--------------------+


Parallel compilation was disabled, but you have multiple processors available. Enable parallel compilation to reduce compilation time.
+-------------------------------------+
; Parallel Compilation                ;
+----------------------------+--------+
; Processors                 ; Number ;
+----------------------------+--------+
; Number detected on machine ; 4      ;
; Maximum allowed            ; 1      ;
+----------------------------+--------+


+-----------------------------------------------------------------------------------------------------------------------------------------------------+
; Analysis & Synthesis Source Files Read                                                                                                              ;
+----------------------------------+-----------------+-----------------+--------------------------------------------------------------------+---------+
; File Name with User-Entered Path ; Used in Netlist ; File Type       ; File Name with Absolute Path                                       ; Library ;
+----------------------------------+-----------------+-----------------+--------------------------------------------------------------------+---------+
; SPI_hello.vhd                    ; yes             ; User VHDL File  ; C:/Users/DataManagement/Desktop/practice_quartus/SPI/SPI_hello.vhd ;         ;
+----------------------------------+-----------------+-----------------+--------------------------------------------------------------------+---------+


+-----------------------------------------------------+
; Analysis & Synthesis Resource Usage Summary         ;
+---------------------------------------------+-------+
; Resource                                    ; Usage ;
+---------------------------------------------+-------+
; Estimated Total logic elements              ; 104   ;
;                                             ;       ;
; Total combinational functions               ; 88    ;
; Logic element usage by number of LUT inputs ;       ;
;     -- 4 input functions                    ; 47    ;
;     -- 3 input functions                    ; 16    ;
;     -- <=2 input functions                  ; 25    ;
;                                             ;       ;
; Logic elements by mode                      ;       ;
;     -- normal mode                          ; 88    ;
;     -- arithmetic mode                      ; 0     ;
;                                             ;       ;
; Total registers                             ; 39    ;
;     -- Dedicated logic registers            ; 39    ;
;     -- I/O registers                        ; 0     ;
;                                             ;       ;
; I/O pins                                    ; 39    ;
; Embedded Multiplier 9-bit elements          ; 0     ;
; Maximum fan-out node                        ; sclk  ;
; Maximum fan-out                             ; 40    ;
; Total fan-out                               ; 425   ;
; Average fan-out                             ; 2.56  ;
+---------------------------------------------+-------+


+-----------------------------------------------------------------------------------------------------------------------------------------------------------------------------+
; Analysis & Synthesis Resource Utilization by Entity                                                                                                                         ;
+----------------------------+-------------------+--------------+-------------+--------------+---------+-----------+------+--------------+---------------------+--------------+
; Compilation Hierarchy Node ; LC Combinationals ; LC Registers ; Memory Bits ; DSP Elements ; DSP 9x9 ; DSP 18x18 ; Pins ; Virtual Pins ; Full Hierarchy Name ; Library Name ;
+----------------------------+-------------------+--------------+-------------+--------------+---------+-----------+------+--------------+---------------------+--------------+
; |SPI_hello                 ; 88 (88)           ; 39 (39)      ; 0           ; 0            ; 0       ; 0         ; 39   ; 0            ; |SPI_hello          ; work         ;
+----------------------------+-------------------+--------------+-------------+--------------+---------+-----------+------+--------------+---------------------+--------------+
Note: For table entries with two numbers listed, the numbers in parentheses indicate the number of resources of the given type used by the specific entity alone. The numbers listed outside of parentheses indicate the total resources of the given type used by the specific entity and all of its sub-entities in the hierarchy.


+---------------------------------------------------------------------------------------------------+
; User-Specified and Inferred Latches                                                               ;
+----------------------------------------------------+---------------------+------------------------+
; Latch Name                                         ; Latch Enable Signal ; Free of Timing Hazards ;
+----------------------------------------------------+---------------------+------------------------+
; rx_data[0]$latch                                   ; process_1           ; yes                    ;
; rx_data[1]$latch                                   ; process_1           ; yes                    ;
; rx_data[2]$latch                                   ; process_1           ; yes                    ;
; rx_data[3]$latch                                   ; process_1           ; yes                    ;
; rx_data[4]$latch                                   ; process_1           ; yes                    ;
; rx_data[5]$latch                                   ; process_1           ; yes                    ;
; rx_data[6]$latch                                   ; process_1           ; yes                    ;
; rx_data[7]$latch                                   ; process_1           ; yes                    ;
; Number of user-specified and inferred latches = 8  ;                     ;                        ;
+----------------------------------------------------+---------------------+------------------------+
Note: All latches listed above may not be present at the end of synthesis due to various synthesis optimizations.


+--------------------------------------------------------------------------------+
; Registers Removed During Synthesis                                             ;
+---------------------------------------+----------------------------------------+
; Register name                         ; Reason for Removal                     ;
+---------------------------------------+----------------------------------------+
; bit_cnt[0]                            ; Stuck at GND due to stuck port data_in ;
; LED3~reg0                             ; Stuck at VCC due to stuck port data_in ;
; LED6~reg0                             ; Stuck at VCC due to stuck port data_in ;
; Total Number of Removed Registers = 3 ;                                        ;
+---------------------------------------+----------------------------------------+


+------------------------------------------------------+
; General Register Statistics                          ;
+----------------------------------------------+-------+
; Statistic                                    ; Value ;
+----------------------------------------------+-------+
; Total registers                              ; 39    ;
; Number of registers using Synchronous Clear  ; 0     ;
; Number of registers using Synchronous Load   ; 0     ;
; Number of registers using Asynchronous Clear ; 36    ;
; Number of registers using Asynchronous Load  ; 0     ;
; Number of registers using Clock Enable       ; 10    ;
; Number of registers using Preset             ; 0     ;
+----------------------------------------------+-------+


+--------------------------------------------------+
; Inverted Register Statistics                     ;
+----------------------------------------+---------+
; Inverted Register                      ; Fan out ;
+----------------------------------------+---------+
; bit_cnt[1]                             ; 4       ;
; Total number of inverted registers = 1 ;         ;
+----------------------------------------+---------+


+---------------------------------------------------------------------------+
; Parameter Settings for User Entity Instance: Top-level Entity: |SPI_hello ;
+----------------+-------+--------------------------------------------------+
; Parameter Name ; Value ; Type                                             ;
+----------------+-------+--------------------------------------------------+
; cpol           ; '0'   ; Enumerated                                       ;
; cpha           ; '0'   ; Enumerated                                       ;
; d_width        ; 8     ; Signed Integer                                   ;
+----------------+-------+--------------------------------------------------+
Note: In order to hide this table in the UI and the text report file, please set the "Show Parameter Settings in Synthesis Report" option in "Analysis and Synthesis Settings -> More Settings" to "Off".


+-------------------------------+
; Elapsed Time Per Partition    ;
+----------------+--------------+
; Partition Name ; Elapsed Time ;
+----------------+--------------+
; Top            ; 00:00:00     ;
+----------------+--------------+


+-------------------------------+
; Analysis & Synthesis Messages ;
+-------------------------------+
Info: *******************************************************************
Info: Running Quartus II 64-Bit Analysis & Synthesis
    Info: Version 13.0.1 Build 232 06/12/2013 Service Pack 1 SJ Web Edition
    Info: Processing started: Wed Feb 10 23:25:22 2021
Info: Command: quartus_map --read_settings_files=on --write_settings_files=off SPI_hello -c SPI_hello
Warning (20028): Parallel compilation is not licensed and has been disabled
Info (12021): Found 2 design units, including 1 entities, in source file spi_hello.vhd
    Info (12022): Found design unit 1: SPI_hello-logic
    Info (12023): Found entity 1: SPI_hello
Info (12127): Elaborating entity "SPI_hello" for the top level hierarchy
Warning (10492): VHDL Process Statement warning at SPI_hello.vhd(89): signal "reset_n" is read inside the Process Statement but isn't in the Process Statement's sensitivity list
Warning (10492): VHDL Process Statement warning at SPI_hello.vhd(103): signal "bit_cnt" is read inside the Process Statement but isn't in the Process Statement's sensitivity list
Warning (10492): VHDL Process Statement warning at SPI_hello.vhd(109): signal "bit_cnt" is read inside the Process Statement but isn't in the Process Statement's sensitivity list
Warning (10492): VHDL Process Statement warning at SPI_hello.vhd(115): signal "st_load_trdy" is read inside the Process Statement but isn't in the Process Statement's sensitivity list
Warning (10492): VHDL Process Statement warning at SPI_hello.vhd(115): signal "reset_n" is read inside the Process Statement but isn't in the Process Statement's sensitivity list
Warning (10492): VHDL Process Statement warning at SPI_hello.vhd(117): signal "st_load_trdy" is read inside the Process Statement but isn't in the Process Statement's sensitivity list
Warning (10492): VHDL Process Statement warning at SPI_hello.vhd(128): signal "st_load_rrdy" is read inside the Process Statement but isn't in the Process Statement's sensitivity list
Warning (10492): VHDL Process Statement warning at SPI_hello.vhd(128): signal "reset_n" is read inside the Process Statement but isn't in the Process Statement's sensitivity list
Warning (10492): VHDL Process Statement warning at SPI_hello.vhd(130): signal "st_load_rrdy" is read inside the Process Statement but isn't in the Process Statement's sensitivity list
Warning (10492): VHDL Process Statement warning at SPI_hello.vhd(141): signal "st_load_roe" is read inside the Process Statement but isn't in the Process Statement's sensitivity list
Warning (10492): VHDL Process Statement warning at SPI_hello.vhd(141): signal "reset_n" is read inside the Process Statement but isn't in the Process Statement's sensitivity list
Warning (10492): VHDL Process Statement warning at SPI_hello.vhd(143): signal "st_load_roe" is read inside the Process Statement but isn't in the Process Statement's sensitivity list
Warning (10492): VHDL Process Statement warning at SPI_hello.vhd(155): signal "reset_n" is read inside the Process Statement but isn't in the Process Statement's sensitivity list
Warning (10492): VHDL Process Statement warning at SPI_hello.vhd(159): signal "wr_add" is read inside the Process Statement but isn't in the Process Statement's sensitivity list
Warning (10492): VHDL Process Statement warning at SPI_hello.vhd(159): signal "bit_cnt" is read inside the Process Statement but isn't in the Process Statement's sensitivity list
Warning (10492): VHDL Process Statement warning at SPI_hello.vhd(166): signal "reset_n" is read inside the Process Statement but isn't in the Process Statement's sensitivity list
Warning (10492): VHDL Process Statement warning at SPI_hello.vhd(169): signal "rx_buf" is read inside the Process Statement but isn't in the Process Statement's sensitivity list
Warning (10492): VHDL Process Statement warning at SPI_hello.vhd(173): signal "reset_n" is read inside the Process Statement but isn't in the Process Statement's sensitivity list
Warning (10492): VHDL Process Statement warning at SPI_hello.vhd(176): signal "tx_load_data" is read inside the Process Statement but isn't in the Process Statement's sensitivity list
Warning (10492): VHDL Process Statement warning at SPI_hello.vhd(177): signal "rd_add" is read inside the Process Statement but isn't in the Process Statement's sensitivity list
Warning (10492): VHDL Process Statement warning at SPI_hello.vhd(177): signal "bit_cnt" is read inside the Process Statement but isn't in the Process Statement's sensitivity list
Warning (10492): VHDL Process Statement warning at SPI_hello.vhd(182): signal "reset_n" is read inside the Process Statement but isn't in the Process Statement's sensitivity list
Warning (10631): VHDL Process Statement warning at SPI_hello.vhd(99): inferring latch(es) for signal or variable "rx_data", which holds its previous value in one or more paths through the process
Info (10041): Inferred latch for "rx_data[0]" at SPI_hello.vhd(99)
Info (10041): Inferred latch for "rx_data[1]" at SPI_hello.vhd(99)
Info (10041): Inferred latch for "rx_data[2]" at SPI_hello.vhd(99)
Info (10041): Inferred latch for "rx_data[3]" at SPI_hello.vhd(99)
Info (10041): Inferred latch for "rx_data[4]" at SPI_hello.vhd(99)
Info (10041): Inferred latch for "rx_data[5]" at SPI_hello.vhd(99)
Info (10041): Inferred latch for "rx_data[6]" at SPI_hello.vhd(99)
Info (10041): Inferred latch for "rx_data[7]" at SPI_hello.vhd(99)
Info (13000): Registers with preset signals will power-up high
Info (13003): DEV_CLRn pin will set, and not reset, register with preset signal due to NOT Gate Push-Back
Warning (13004): Presettable and clearable registers converted to equivalent circuits with latches. Registers power-up to an undefined state, and DEVCLRn places the registers in an undefined state.
    Warning (13310): Register "trdy~reg0" is converted into an equivalent circuit using register "trdy~reg0_emulated" and latch "trdy~1"
    Warning (13310): Register "rrdy~reg0" is converted into an equivalent circuit using register "rrdy~reg0_emulated" and latch "rrdy~1"
    Warning (13310): Register "roe~reg0" is converted into an equivalent circuit using register "roe~reg0_emulated" and latch "roe~1"
    Warning (13310): Register "tx_buf[7]" is converted into an equivalent circuit using register "tx_buf[7]~_emulated" and latch "tx_buf[7]~1"
    Warning (13310): Register "tx_buf[6]" is converted into an equivalent circuit using register "tx_buf[6]~_emulated" and latch "tx_buf[6]~6"
    Warning (13310): Register "tx_buf[5]" is converted into an equivalent circuit using register "tx_buf[5]~_emulated" and latch "tx_buf[5]~11"
    Warning (13310): Register "tx_buf[4]" is converted into an equivalent circuit using register "tx_buf[4]~_emulated" and latch "tx_buf[4]~16"
    Warning (13310): Register "tx_buf[3]" is converted into an equivalent circuit using register "tx_buf[3]~_emulated" and latch "tx_buf[3]~21"
    Warning (13310): Register "tx_buf[2]" is converted into an equivalent circuit using register "tx_buf[2]~_emulated" and latch "tx_buf[2]~26"
    Warning (13310): Register "tx_buf[1]" is converted into an equivalent circuit using register "tx_buf[1]~_emulated" and latch "tx_buf[1]~31"
    Warning (13310): Register "tx_buf[0]" is converted into an equivalent circuit using register "tx_buf[0]~_emulated" and latch "tx_buf[0]~36"
Warning (13024): Output pins are stuck at VCC or GND
    Warning (13410): Pin "LED0" is stuck at VCC
    Warning (13410): Pin "LED3" is stuck at VCC
    Warning (13410): Pin "LED4" is stuck at VCC
    Warning (13410): Pin "LED6" is stuck at VCC
Info (16010): Generating hard_block partition "hard_block:auto_generated_inst"
    Info (16011): Adding 0 node(s), including 0 DDIO, 0 PLL, 0 transceiver and 0 LCELL
Info (21057): Implemented 143 device resources after synthesis - the final resource count might be different
    Info (21058): Implemented 18 input pins
    Info (21059): Implemented 21 output pins
    Info (21061): Implemented 104 logic cells
Info: Quartus II 64-Bit Analysis & Synthesis was successful. 0 errors, 41 warnings
    Info: Peak virtual memory: 4635 megabytes
    Info: Processing ended: Wed Feb 10 23:25:24 2021
    Info: Elapsed time: 00:00:02
    Info: Total CPU time (on all processors): 00:00:02


